  TimeService_Yun.cpp
d:\software projects\personal\aquariumcontroller\source\lighingcontroller\timeservice_yun.cpp : warning C4117: macro name '__cplusplus' is reserved, '#define' ignored
d:\software projects\personal\aquariumcontroller\source\lighingcontroller\__vm\.lighingcontroller.vsarduino.h(15): warning C4005: '__AVR_ATmega32u4__': macro redefinition
  d:\software projects\personal\aquariumcontroller\source\lighingcontroller\timeservice_yun.cpp: note: see previous definition of '__AVR_ATmega32u4__'
d:\software projects\personal\aquariumcontroller\source\lighingcontroller\__vm\.lighingcontroller.vsarduino.h(16): warning C4005: '__AVR_ATmega32U4__': macro redefinition
  d:\software projects\personal\aquariumcontroller\source\lighingcontroller\timeservice_yun.cpp: note: see previous definition of '__AVR_ATmega32U4__'
d:\software projects\personal\aquariumcontroller\source\lighingcontroller\__vm\.lighingcontroller.vsarduino.h(19): warning C4005: 'ARDUINO_AVR_YUN': macro redefinition
  d:\software projects\personal\aquariumcontroller\source\lighingcontroller\timeservice_yun.cpp: note: see previous definition of 'ARDUINO_AVR_YUN'
d:\software projects\personal\aquariumcontroller\source\lighingcontroller\__vm\.lighingcontroller.vsarduino.h(20): warning C4005: 'ARDUINO_ARCH_AVR': macro redefinition
  d:\software projects\personal\aquariumcontroller\source\lighingcontroller\timeservice_yun.cpp: note: see previous definition of 'ARDUINO_ARCH_AVR'
d:\software projects\personal\aquariumcontroller\source\lighingcontroller\__vm\.lighingcontroller.vsarduino.h(23): warning C4117: macro name '__cplusplus' is reserved, '#define' ignored
d:\software projects\personal\aquariumcontroller\source\lighingcontroller\__vm\.lighingcontroller.vsarduino.h(31): warning C4117: macro name '__cplusplus' is reserved, '#define' ignored
c:\program files (x86)\arduino\hardware\tools\avr\lib\gcc\avr\4.9.2\include\stddef.h(212): error C2371: 'size_t': redefinition; different basic types
  d:\software projects\personal\aquariumcontroller\source\lighingcontroller\predefined c++ types (compiler internal)(16): note: see declaration of 'size_t'
c:\program files (x86)\arduino\hardware\tools\avr\avr\include\stdlib.h(73): error C2371: 'div_t': redefinition; different basic types
  d:\software projects\personal\aquariumcontroller\source\lighingcontroller\__vm\.lighingcontroller.vsarduino.h(55): note: see declaration of 'div_t'
c:\program files (x86)\arduino\hardware\tools\avr\avr\include\stdlib.h(79): error C2371: 'ldiv_t': redefinition; different basic types
  d:\software projects\personal\aquariumcontroller\source\lighingcontroller\__vm\.lighingcontroller.vsarduino.h(56): note: see declaration of 'ldiv_t'
c:\program files (x86)\arduino\hardware\tools\avr\avr\include\avr\pgmspace.h(1783): error C2446: ':': no conversion from 'size_t' to 'const char *'
  c:\program files (x86)\arduino\hardware\tools\avr\avr\include\avr\pgmspace.h(1783): note: Conversion from integral type to pointer type requires reinterpret_cast, C-style cast or function-style cast
c:\program files (x86)\arduino\hardware\arduino\avr\cores\arduino\hardwareserial.h(132): error C2535: 'size_t HardwareSerial::write(uint8_t)': member function already defined or declared
  c:\program files (x86)\arduino\hardware\arduino\avr\cores\arduino\hardwareserial.h(129): note: see declaration of 'HardwareSerial::write'
c:\program files (x86)\arduino\hardware\tools\avr\avr\include\util\delay_basic.h(83): error C2065: '__asm__': undeclared identifier
c:\program files (x86)\arduino\hardware\tools\avr\avr\include\util\delay_basic.h(105): error C2065: '__asm__': undeclared identifier
c:\program files (x86)\arduino\hardware\tools\avr\avr\include\util\delay.h(112): fatal error C1021: invalid preprocessor command 'warning'
